<?xml version="1.0" encoding="UTF-8"?>
<!-- Generated by org.testng.reporters.JUnitXMLReporter -->
<testsuite hostname="Shaliens-MacBook-Air.local" ignored="0" name="Test" tests="6" failures="0" timestamp="2020-05-26T21:23:41 IST" time="0.097" errors="0">
  <testcase name="testWebapp" time="0.008" classname="Tutorial.MavenTest.seleniumTest"/>
  <testcase name="testWebapp2" time="0.003" classname="Tutorial.MavenTest.seleniumTest"/>
  <testcase name="nativeAndroidapp" time="0.001" classname="Tutorial.MavenTest.appiumTest"/>
  <testcase name="nativeIOSapp" time="0.001" classname="Tutorial.MavenTest.appiumTest"/>
  <testcase name="deleteTwitter" time="0.0" classname="Tutorial.MavenTest.RestAPITest"/>
  <testcase name="postJiRA" time="0.0" classname="Tutorial.MavenTest.RestAPITest"/>
</testsuite> <!-- Test -->
